<?xml version="1.0" encoding="utf-8"?><testsuites name="pytest tests"><testsuite name="pytest" errors="0" failures="0" skipped="0" tests="43" time="4.587" timestamp="2026-07-17T21:40:06.105023+00:00" hostname="agent-env-5930b17d-cd29-4117-9a48-5a5ab60a042e"><testcase classname="tests.backend_test.TestAuth" name="test_login_admin_ok" time="0.370" /><testcase classname="tests.backend_test.TestRegisteredBirds" name="test_public_create_bird" time="0.359" /><testcase classname="tests.backend_test.TestRegisteredBirds" name="test_public_create_bird_duplicate_ring" time="0.092" /><testcase classname="tests.backend_test.TestAuth" name="test_login_wrong_password" time="0.359" /><testcase classname="tests.backend_test.TestRegisteredBirds" name="test_public_create_bird_invalid_phone" time="0.279" /><testcase classname="tests.backend_test.TestAuth" name="test_me_without_cookie" time="0.097" /><testcase classname="tests.backend_test.TestRegisteredBirds" name="test_admin_list_birds" time="0.594" /><testcase classname="tests.backend_test.TestAuth" name="test_me_with_cookie" time="0.543" /><testcase classname="tests.backend_test.TestRegisteredBirds" name="test_admin_list_birds_search" time="0.089" /><testcase classname="tests.backend_test.TestAuth" name="test_logout" time="0.399" /><testcase classname="tests.backend_test.TestRegisteredBirds" name="test_admin_list_birds_payment_filter" time="0.046" /><testcase classname="tests.backend_test.TestRegisteredBirds" name="test_admin_update_bird" time="0.229" /><testcase classname="tests.backend_test.TestRegisteredBirds" name="test_admin_update_bird_duplicate_ring" time="0.104" /><testcase classname="tests.backend_test.TestAuth" name="test_register_new_user_and_me" time="0.496" /><testcase classname="tests.backend_test.TestRegisteredBirds" name="test_admin_export_csv" time="0.053" /><testcase classname="tests.backend_test.TestRegisteredBirds" name="test_admin_delete_bird" time="0.306" /><testcase classname="tests.backend_test.TestAdminUsers" name="test_list_users" time="0.089" /><testcase classname="tests.backend_test.TestAdminUsers" name="test_list_users_search" time="0.096" /><testcase classname="tests.backend_test.TestAuth" name="test_google_session_invalid" time="0.211" /><testcase classname="tests.backend_test.TestAdminUsers" name="test_list_users_role_filter" time="0.076" /><testcase classname="tests.backend_test.TestAdminUsers" name="test_block_unblock_and_login_blocked" time="0.631" /><testcase classname="tests.backend_test.TestDiscountCodes" name="test_public_validate_seeded" time="0.111" /><testcase classname="tests.backend_test.TestDiscountCodes" name="test_public_validate_missing" time="0.097" /><testcase classname="tests.backend_test.TestDiscountCodes" name="test_admin_create_code" time="0.056" /><testcase classname="tests.backend_test.TestDiscountCodes" name="test_admin_create_code_duplicate" time="0.262" /><testcase classname="tests.backend_test.TestDiscountCodes" name="test_admin_update_code" time="0.091" /><testcase classname="tests.backend_test.TestAdminUsers" name="test_patch_user_first_name" time="0.207" /><testcase classname="tests.backend_test.TestDiscountCodes" name="test_admin_list_codes" time="0.090" /><testcase classname="tests.backend_test.TestDiscountCodes" name="test_admin_delete_code" time="0.046" /><testcase classname="tests.backend_test.TestFeedbackCommentsActivity" name="test_admin_list_feedback" time="0.085" /><testcase classname="tests.backend_test.TestAdminUsers" name="test_cannot_self_delete" time="0.094" /><testcase classname="tests.backend_test.TestFeedbackCommentsActivity" name="test_admin_export_feedback_csv" time="0.087" /><testcase classname="tests.backend_test.TestFoundBirds" name="test_public_create_found_bird" time="0.136" /><testcase classname="tests.backend_test.TestFeedbackCommentsActivity" name="test_admin_list_comments" time="0.080" /><testcase classname="tests.backend_test.TestFoundBirds" name="test_found_bird_bad_phone" time="0.162" /><testcase classname="tests.backend_test.TestFeedbackCommentsActivity" name="test_admin_activity" time="0.103" /><testcase classname="tests.backend_test.TestFoundBirds" name="test_admin_list_found" time="0.047" /><testcase classname="tests.backend_test.TestFoundBirds" name="test_admin_export_found_csv" time="0.228" /><testcase classname="tests.backend_test.TestFoundBirds" name="test_admin_delete_found" time="0.091" /><testcase classname="tests.backend_test.TestAdminProtection" name="test_non_admin_forbidden" time="0.432" /><testcase classname="tests.backend_test.TestAdminStats" name="test_stats_shape" time="0.057" /><testcase classname="tests.backend_test.TestAdminProtection" name="test_anon_unauthorized" time="0.112" /><testcase classname="tests.backend_test.TestHealth" name="test_root" time="0.110" /></testsuite></testsuites>