<?xml version="1.0" encoding="utf-8"?><testsuites name="pytest tests"><testsuite name="pytest" errors="0" failures="0" skipped="0" tests="26" time="4.985" timestamp="2026-07-15T22:23:25.710721+00:00" hostname="agent-env-5930b17d-cd29-4117-9a48-5a5ab60a042e"><testcase classname="tests.test_homepage.TestAdminList" name="test_admin_get_all_sections" time="0.673" /><testcase classname="tests.test_homepage.TestAdminList" name="test_admin_get_includes_hidden" time="0.149" /><testcase classname="tests.test_homepage.TestCreate" name="test_create_valid_hero" time="0.768" /><testcase classname="tests.test_homepage.TestCreate" name="test_create_places_at_end" time="0.124" /><testcase classname="tests.test_homepage.TestCreate" name="test_create_invalid_type_422" time="0.255" /><testcase classname="tests.test_homepage.TestAdminList" name="test_non_admin_403_on_admin_endpoint" time="0.373" /><testcase classname="tests.test_homepage.TestCreate" name="test_create_missing_label_422" time="0.062" /><testcase classname="tests.test_homepage.TestAdminList" name="test_anonymous_401_on_admin_endpoint" time="0.056" /><testcase classname="tests.test_homepage.TestCreate" name="test_non_admin_cannot_create" time="1.071" /><testcase classname="tests.test_homepage.TestUpdate" name="test_patch_label_and_subtitle" time="0.602" /><testcase classname="tests.test_homepage.TestUpdate" name="test_patch_is_visible_false" time="0.298" /><testcase classname="tests.test_homepage.TestUpdate" name="test_patch_config_accepts_dict" time="0.097" /><testcase classname="tests.test_homepage.TestUpdate" name="test_patch_missing_returns_404" time="0.109" /><testcase classname="tests.test_homepage.TestDelete" name="test_delete_and_verify" time="0.644" /><testcase classname="tests.test_homepage.TestReorder" name="test_reverse_reorder_and_persistence" time="0.723" /><testcase classname="tests.test_homepage.TestDelete" name="test_delete_missing_returns_404" time="0.368" /><testcase classname="tests.test_homepage.TestReorder" name="test_restore_original_order" time="0.322" /><testcase classname="tests.test_homepage.TestReorder" name="test_non_admin_cannot_reorder" time="0.436" /><testcase classname="tests.test_homepage.TestDelete" name="test_non_admin_cannot_delete" time="0.338" /><testcase classname="tests.test_homepage.TestPublicHomepage" name="test_public_get_returns_list_of_visible" time="0.052" /><testcase classname="tests.test_homepage.TestPublicHomepage" name="test_public_sorted_by_sort_order" time="0.045" /><testcase classname="tests.test_homepage.TestSeeding" name="test_seeded_sections_exist" time="0.058" /><testcase classname="tests.test_homepage.TestSeeding" name="test_seeded_text_block_is_hidden" time="0.055" /><testcase classname="tests.test_homepage.TestPrivacy" name="test_hidden_section_hidden_from_public" time="0.514" /><testcase classname="tests.test_homepage.TestDuplicate" name="test_duplicate_creates_copy_at_end" time="0.586" /><testcase classname="tests.test_homepage.TestDuplicate" name="test_duplicate_missing_returns_404" time="0.160" /></testsuite></testsuites>