<?xml version="1.0" encoding="utf-8"?><testsuites name="pytest tests"><testsuite name="pytest" errors="0" failures="0" skipped="0" tests="22" time="3.355" timestamp="2026-07-13T23:15:00.282308+00:00" hostname="agent-env-5930b17d-cd29-4117-9a48-5a5ab60a042e"><testcase classname="tests.test_posts_moderation.TestCreatePost" name="test_create_requires_auth" time="0.463" /><testcase classname="tests.test_posts_moderation.TestAdminModeration" name="test_admin_list_all" time="0.516" /><testcase classname="tests.test_posts_moderation.TestCreatePost" name="test_create_minimal_ok" time="0.548" /><testcase classname="tests.test_posts_moderation.TestAdminModeration" name="test_non_admin_forbidden" time="0.542" /><testcase classname="tests.test_posts_moderation.TestAdminModeration" name="test_admin_list_pending_filter" time="0.053" /><testcase classname="tests.test_posts_moderation.TestCreatePost" name="test_create_with_own_bird" time="0.096" /><testcase classname="tests.test_posts_moderation.TestCreatePost" name="test_create_with_nonexistent_bird_404" time="0.048" /><testcase classname="tests.test_posts_moderation.TestAdminModeration" name="test_approve_flow" time="0.824" /><testcase classname="tests.test_posts_moderation.TestCreatePost" name="test_create_with_others_bird_forbidden" time="0.368" /><testcase classname="tests.test_posts_moderation.TestCreatePost" name="test_admin_can_create_for_anyone" time="0.413" /><testcase classname="tests.test_posts_moderation.TestAdminModeration" name="test_reject_flow" time="0.289" /><testcase classname="tests.test_posts_moderation.TestCreatePost" name="test_max_8_images" time="0.048" /><testcase classname="tests.test_posts_moderation.TestDeletePost" name="test_owner_can_delete" time="0.141" /><testcase classname="tests.test_posts_moderation.TestDeletePost" name="test_other_user_cannot_delete" time="0.098" /><testcase classname="tests.test_posts_moderation.TestDeletePost" name="test_admin_can_delete_any" time="0.134" /><testcase classname="tests.test_posts_moderation.TestAdminModeration" name="test_approve_missing_404" time="0.082" /><testcase classname="tests.test_posts_moderation.TestAdminModeration" name="test_admin_delete_post" time="0.135" /><testcase classname="tests.test_posts_moderation.TestPublicPosts" name="test_pending_not_public" time="0.164" /><testcase classname="tests.test_posts_moderation.TestMyPosts" name="test_my_posts_requires_auth" time="0.151" /><testcase classname="tests.test_posts_moderation.TestPublicPosts" name="test_public_hides_moderator_fields" time="0.142" /><testcase classname="tests.test_posts_moderation.TestMyPosts" name="test_my_posts_returns_own" time="0.093" /><testcase classname="tests.test_posts_moderation.TestAdminStats" name="test_stats_has_post_counts" time="0.364" /></testsuite></testsuites>