<?xml version="1.0" encoding="utf-8"?><testsuites name="pytest tests"><testsuite name="pytest" errors="0" failures="0" skipped="0" tests="8" time="3.865" timestamp="2026-07-21T06:29:01.649637+00:00" hostname="agent-env-5930b17d-cd29-4117-9a48-5a5ab60a042e"><testcase classname="tests.test_password_reset" name="test_forgot_password_existing_email_inserts_token" time="0.489" /><testcase classname="tests.test_password_reset" name="test_forgot_password_unknown_email_same_response_no_doc" time="0.047" /><testcase classname="tests.test_password_reset" name="test_forgot_password_rate_limit_per_ip" time="0.332" /><testcase classname="tests.test_password_reset" name="test_forgot_password_rate_limit_per_email" time="0.171" /><testcase classname="tests.test_password_reset" name="test_reset_password_invalid_token" time="0.042" /><testcase classname="tests.test_password_reset" name="test_reset_password_expired_token" time="0.043" /><testcase classname="tests.test_password_reset" name="test_reset_password_full_flow_and_restore" time="1.576" /><testcase classname="tests.test_password_reset" name="test_regression_login_refresh_me" time="0.457" /></testsuite></testsuites>