<?xml version="1.0" encoding="utf-8"?><testsuites name="pytest tests"><testsuite name="pytest" errors="0" failures="0" skipped="0" tests="17" time="3.291" timestamp="2026-07-30T07:27:45.169093+00:00" hostname="agent-env-5930b17d-cd29-4117-9a48-5a5ab60a042e"><testcase classname="tests.test_iter21_site_texts_2fa.TestSiteTexts" name="test_public_get_returns_dict" time="0.115" /><testcase classname="tests.test_iter21_site_texts_2fa.TestSiteTexts" name="test_admin_list_requires_auth" time="0.231" /><testcase classname="tests.test_iter21_site_texts_2fa.TestSiteTexts" name="test_admin_patch_requires_auth" time="0.092" /><testcase classname="tests.test_iter21_site_texts_2fa.TestRegression" name="test_auth_me" time="0.438" /><testcase classname="tests.test_iter21_site_texts_2fa.TestRegression" name="test_public_birds_list" time="0.086" /><testcase classname="tests.test_iter21_site_texts_2fa.TestRegression" name="test_found_birds_public" time="0.229" /><testcase classname="tests.test_iter21_site_texts_2fa.TestSiteTexts" name="test_admin_list_ok" time="0.356" /><testcase classname="tests.test_iter21_site_texts_2fa.TestRegression" name="test_price_settings" time="0.107" /><testcase classname="tests.test_iter21_site_texts_2fa.TestSiteTexts" name="test_admin_patch_upsert_and_visible_public" time="0.132" /><testcase classname="tests.test_iter21_site_texts_2fa.TestRegression" name="test_homepage_public" time="0.095" /><testcase classname="tests.test_iter21_site_texts_2fa.TestSiteTexts" name="test_admin_patch_second_key" time="0.180" /><testcase classname="tests.test_iter21_site_texts_2fa.TestRegression" name="test_admin_discount_codes" time="0.075" /><testcase classname="tests.test_iter21_site_texts_2fa.TestTwoFactor" name="test_2fa_status_requires_auth" time="0.101" /><testcase classname="tests.test_iter21_site_texts_2fa.TestSiteTexts" name="test_empty_value_upsert" time="0.344" /><testcase classname="tests.test_iter21_site_texts_2fa.TestSiteTexts" name="test_zzz_cleanup" time="0.204" /><testcase classname="tests.test_iter21_site_texts_2fa.TestTwoFactor" name="test_2fa_status_for_user" time="0.361" /><testcase classname="tests.test_iter21_site_texts_2fa.TestTwoFactor" name="test_2fa_setup_and_enable" time="1.481" /></testsuite></testsuites>