<?xml version="1.0" encoding="utf-8"?><testsuites name="pytest tests"><testsuite name="pytest" errors="0" failures="0" skipped="0" tests="20" time="3.557" timestamp="2026-07-13T22:55:10.291998+00:00" hostname="agent-env-5930b17d-cd29-4117-9a48-5a5ab60a042e"><testcase classname="tests.test_gallery_and_my_birds.TestBirdComments" name="test_get_comments_public" time="0.880" /><testcase classname="tests.test_gallery_and_my_birds.TestBirdImageUpload" name="test_upload_requires_auth" time="0.920" /><testcase classname="tests.test_gallery_and_my_birds.TestBirdComments" name="test_post_comment_public" time="0.206" /><testcase classname="tests.test_gallery_and_my_birds.TestBirdImageUpload" name="test_owner_can_upload" time="0.143" /><testcase classname="tests.test_gallery_and_my_birds.TestBirdComments" name="test_post_comment_without_email" time="0.304" /><testcase classname="tests.test_gallery_and_my_birds.TestBirdComments" name="test_post_comment_empty_name" time="0.141" /><testcase classname="tests.test_gallery_and_my_birds.TestBirdImageUpload" name="test_non_owner_forbidden" time="0.386" /><testcase classname="tests.test_gallery_and_my_birds.TestBirdComments" name="test_post_comment_empty_text" time="0.289" /><testcase classname="tests.test_gallery_and_my_birds.TestBirdImageUpload" name="test_admin_can_upload_any" time="0.417" /><testcase classname="tests.test_gallery_and_my_birds.TestBirdComments" name="test_post_comment_on_missing_bird" time="0.137" /><testcase classname="tests.test_gallery_and_my_birds.TestBirdImageUpload" name="test_bad_payload_not_a_list" time="0.052" /><testcase classname="tests.test_gallery_and_my_birds.TestBirdImageUpload" name="test_too_many_images" time="0.086" /><testcase classname="tests.test_gallery_and_my_birds.TestPublicBirds" name="test_public_birds_no_auth" time="0.152" /><testcase classname="tests.test_gallery_and_my_birds.TestBirdImageUpload" name="test_upload_to_missing_bird_404" time="0.070" /><testcase classname="tests.test_gallery_and_my_birds.TestMyBirds" name="test_my_birds_requires_auth" time="0.109" /><testcase classname="tests.test_gallery_and_my_birds.TestPublicBirds" name="test_public_birds_excludes_phone_and_user_id" time="0.105" /><testcase classname="tests.test_gallery_and_my_birds.TestMyBirds" name="test_my_birds_returns_own_birds_only" time="0.050" /><testcase classname="tests.test_gallery_and_my_birds.TestPublicBirds" name="test_public_birds_shows_all_including_pending" time="0.100" /><testcase classname="tests.test_gallery_and_my_birds.TestMyBirds" name="test_my_birds_other_user_isolated" time="0.055" /><testcase classname="tests.test_gallery_and_my_birds.TestAdminBirdDeleteCascade" name="test_delete_bird_cascades_comments" time="0.863" /></testsuite></testsuites>