<?xml version="1.0" encoding="utf-8"?><testsuites name="pytest tests"><testsuite name="pytest" errors="0" failures="0" skipped="0" tests="23" time="3.629" timestamp="2026-07-13T23:35:45.489091+00:00" hostname="agent-env-5930b17d-cd29-4117-9a48-5a5ab60a042e"><testcase classname="tests.test_missing_birds.TestMissingReportPublic" name="test_create_ok_defaults" time="0.886" /><testcase classname="tests.test_missing_birds.TestMissingLifecycle" name="test_create_for_admin_view" time="0.791" /><testcase classname="tests.test_missing_birds.TestMissingLifecycle" name="test_admin_list_default_all" time="0.047" /><testcase classname="tests.test_missing_birds.TestMissingLifecycle" name="test_admin_list_filter_searching" time="0.044" /><testcase classname="tests.test_missing_birds.TestMissingLifecycle" name="test_admin_list_search" time="0.049" /><testcase classname="tests.test_missing_birds.TestMissingReportPublic" name="test_create_bad_phone" time="0.132" /><testcase classname="tests.test_missing_birds.TestMissingLifecycle" name="test_admin_notify" time="0.049" /><testcase classname="tests.test_missing_birds.TestMissingLifecycle" name="test_admin_update_status_found_sets_found_at" time="0.055" /><testcase classname="tests.test_missing_birds.TestMissingReportPublic" name="test_create_missing_required" time="0.122" /><testcase classname="tests.test_missing_birds.TestMissingLifecycle" name="test_admin_list_filter_found_contains_report" time="0.048" /><testcase classname="tests.test_missing_birds.TestMissingLifecycle" name="test_admin_update_status_closed" time="0.047" /><testcase classname="tests.test_missing_birds.TestMissingLifecycle" name="test_admin_update_empty_400" time="0.046" /><testcase classname="tests.test_missing_birds.TestMissingReportPublic" name="test_create_optional_fields_omitted" time="0.557" /><testcase classname="tests.test_missing_birds.TestMissingLifecycle" name="test_admin_update_404" time="0.045" /><testcase classname="tests.test_missing_birds.TestMissingLifecycle" name="test_admin_delete_report" time="0.138" /><testcase classname="tests.test_missing_birds.TestMissingLifecycle" name="test_admin_delete_404" time="0.047" /><testcase classname="tests.test_missing_birds.TestMissingCSV" name="test_csv_export" time="0.333" /><testcase classname="tests.test_missing_birds.TestMissingAdminAuth" name="test_anonymous_401" time="0.097" /><testcase classname="tests.test_missing_birds.TestMissingCSV" name="test_csv_requires_admin" time="0.543" /><testcase classname="tests.test_missing_birds.TestMissingAdminAuth" name="test_non_admin_403" time="0.546" /><testcase classname="tests.test_missing_birds.TestAdminStatsMissing" name="test_stats_includes_missing" time="0.053" /><testcase classname="tests.test_missing_birds.TestAdminStatsMissing" name="test_stats_missing_counts_increase" time="0.565" /><testcase classname="tests.test_missing_birds.TestMissingPrivacy" name="test_missing_report_not_in_found_birds" time="0.966" /></testsuite></testsuites>