<?xml version="1.0" encoding="utf-8"?><testsuites name="pytest tests"><testsuite name="pytest" errors="0" failures="1" skipped="0" tests="22" time="3.027" timestamp="2026-07-13T23:58:17.256279+00:00" hostname="agent-env-5930b17d-cd29-4117-9a48-5a5ab60a042e"><testcase classname="tests.test_content_pages.TestSeededPages" name="test_admin_list_has_all_seeded_pages" time="0.698" /><testcase classname="tests.test_content_pages.TestContentCRUD" name="test_create_normalises_slug" time="0.749" /><testcase classname="tests.test_content_pages.TestSeededPages" name="test_public_list_returns_only_published_without_body" time="0.166" /><testcase classname="tests.test_content_pages.TestContentCRUD" name="test_create_duplicate_slug_returns_400" time="0.098" /><testcase classname="tests.test_content_pages.TestContentCRUD" name="test_patch_updates_title_content_publish" time="0.184"><failure message="AssertionError: assert ('test-patch-me' == 'test_patch-me'&#10;  &#10;  - test_patch-me&#10;  ?     ^&#10;  + test-patch-me&#10;  ?     ^ or 'test-patch-me' == 'test_patch-me'&#10;  &#10;  - test_patch-me&#10;  ?     ^&#10;  + test-patch-me&#10;  ?     ^)">backend/tests/test_content_pages.py:175: in test_patch_updates_title_content_publish
    assert updated["slug"] == "test_patch-me" or updated["slug"] == "TEST_patch-me".lower()
E   AssertionError: assert ('test-patch-me' == 'test_patch-me'
E     
E     - test_patch-me
E     ?     ^
E     + test-patch-me
E     ?     ^ or 'test-patch-me' == 'test_patch-me'
E     
E     - test_patch-me
E     ?     ^
E     + test-patch-me
E     ?     ^)</failure></testcase><testcase classname="tests.test_content_pages.TestSeededPages" name="test_public_page_returns_content[faq]" time="0.108" /><testcase classname="tests.test_content_pages.TestSeededPages" name="test_public_page_returns_content[frakt-leverans]" time="0.109" /><testcase classname="tests.test_content_pages.TestContentCRUD" name="test_patch_does_not_change_slug" time="0.135" /><testcase classname="tests.test_content_pages.TestSeededPages" name="test_public_page_returns_content[integritetspolicy]" time="0.186" /><testcase classname="tests.test_content_pages.TestContentCRUD" name="test_unpublished_returns_404_on_public_detail" time="0.276" /><testcase classname="tests.test_content_pages.TestSeededPages" name="test_public_page_returns_content[kontakt]" time="0.106" /><testcase classname="tests.test_content_pages.TestSeededPages" name="test_public_page_returns_content[kopvillkor]" time="0.147" /><testcase classname="tests.test_content_pages.TestContentCRUD" name="test_delete_removes_page" time="0.199" /><testcase classname="tests.test_content_pages.TestSeededPages" name="test_public_page_returns_content[om-oss]" time="0.111" /><testcase classname="tests.test_content_pages.TestSeededPages" name="test_public_page_returns_content[returer]" time="0.097" /><testcase classname="tests.test_content_pages.TestSeededPages" name="test_public_page_nonexistent_returns_404" time="0.295" /><testcase classname="tests.test_content_pages.TestContentCRUD" name="test_non_admin_cannot_delete" time="0.458" /><testcase classname="tests.test_content_pages.TestRoutingRegression" name="test_list_endpoint_still_works_after_detail_registered" time="0.105" /><testcase classname="tests.test_content_pages.TestAdminPermissions" name="test_non_admin_cannot_list_admin_content" time="0.085" /><testcase classname="tests.test_content_pages.TestRoutingRegression" name="test_detail_uppercase_slug_is_normalised" time="0.184" /><testcase classname="tests.test_content_pages.TestAdminPermissions" name="test_non_admin_cannot_create" time="0.041" /><testcase classname="tests.test_content_pages.TestAdminPermissions" name="test_unauthenticated_cannot_list_admin" time="0.432" /></testsuite></testsuites>