<?xml version="1.0" encoding="utf-8"?><testsuites name="pytest tests"><testsuite name="pytest" errors="0" failures="0" skipped="0" tests="10" time="2.288" timestamp="2026-07-21T05:39:17.761574+00:00" hostname="agent-env-5930b17d-cd29-4117-9a48-5a5ab60a042e"><testcase classname="tests.test_iter17_contact_admin_and_refactor.TestSecurityLib" name="test_import_symbols_exist" time="0.173" /><testcase classname="tests.test_iter17_contact_admin_and_refactor.TestSecurityLib" name="test_verify_password_against_bcrypt_hash" time="0.665" /><testcase classname="tests.test_iter17_contact_admin_and_refactor.TestAdminContactMessages" name="test_admin_list_contact_messages" time="0.453" /><testcase classname="tests.test_iter17_contact_admin_and_refactor.TestAdminContactMessages" name="test_non_admin_cannot_list" time="0.094" /><testcase classname="tests.test_iter17_contact_admin_and_refactor.TestAdminContactMessages" name="test_patch_status_and_bulk_delete" time="1.065" /><testcase classname="tests.test_iter17_contact_admin_and_refactor.TestAuthRefactor" name="test_admin_login_still_works" time="0.355" /><testcase classname="tests.test_iter17_contact_admin_and_refactor.TestAuthRefactor" name="test_rate_limit_fires_on_6th_wrong_login" time="0.668" /><testcase classname="tests.test_iter17_contact_admin_and_refactor.TestAdminContactMessages" name="test_patch_nonexistent_returns_404" time="0.045" /><testcase classname="tests.test_iter17_contact_admin_and_refactor.TestDiscountValidate" name="test_valid_code_returns_percentage" time="0.107" /><testcase classname="tests.test_iter17_contact_admin_and_refactor.TestDiscountValidate" name="test_invalid_code_returns_message" time="0.098" /></testsuite></testsuites>