<?xml version="1.0" encoding="utf-8"?><testsuites name="pytest tests"><testsuite name="pytest" errors="5" failures="1" skipped="0" tests="156" time="22.552" timestamp="2026-07-15T22:23:35.691892+00:00" hostname="agent-env-5930b17d-cd29-4117-9a48-5a5ab60a042e"><testcase classname="tests.backend_test.TestRegisteredBirds" name="test_public_create_bird" time="0.362" /><testcase classname="tests.test_missing_birds.TestMissingLifecycle" name="test_create_for_admin_view" time="0.530" /><testcase classname="tests.backend_test.TestRegisteredBirds" name="test_public_create_bird_duplicate_ring" time="0.103" /><testcase classname="tests.backend_test.TestRegisteredBirds" name="test_public_create_bird_invalid_phone" time="0.110" /><testcase classname="tests.test_missing_birds.TestMissingLifecycle" name="test_admin_list_default_all" time="0.048" /><testcase classname="tests.test_missing_birds.TestMissingLifecycle" name="test_admin_list_filter_searching" time="0.044" /><testcase classname="tests.test_missing_birds.TestMissingLifecycle" name="test_admin_list_search" time="0.047" /><testcase classname="tests.test_missing_birds.TestMissingLifecycle" name="test_admin_notify" time="0.248" /><testcase classname="tests.test_missing_birds.TestMissingLifecycle" name="test_admin_update_status_found_sets_found_at" time="0.086" /><testcase classname="tests.backend_test.TestRegisteredBirds" name="test_admin_list_birds" time="0.434" /><testcase classname="tests.test_missing_birds.TestMissingLifecycle" name="test_admin_list_filter_found_contains_report" time="0.046" /><testcase classname="tests.backend_test.TestRegisteredBirds" name="test_admin_list_birds_search" time="0.044" /><testcase classname="tests.test_missing_birds.TestMissingLifecycle" name="test_admin_update_status_closed" time="0.046" /><testcase classname="tests.backend_test.TestRegisteredBirds" name="test_admin_list_birds_payment_filter" time="0.047" /><testcase classname="tests.test_missing_birds.TestMissingLifecycle" name="test_admin_update_empty_400" time="0.084" /><testcase classname="tests.backend_test.TestRegisteredBirds" name="test_admin_update_bird" time="0.052" /><testcase classname="tests.backend_test.TestRegisteredBirds" name="test_admin_update_bird_duplicate_ring" time="0.102" /><testcase classname="tests.test_missing_birds.TestMissingLifecycle" name="test_admin_update_404" time="0.086" /><testcase classname="tests.backend_test.TestRegisteredBirds" name="test_admin_export_csv" time="0.061" /><testcase classname="tests.test_missing_birds.TestMissingLifecycle" name="test_admin_delete_report" time="0.143" /><testcase classname="tests.backend_test.TestRegisteredBirds" name="test_admin_delete_bird" time="0.147" /><testcase classname="tests.test_missing_birds.TestMissingLifecycle" name="test_admin_delete_404" time="0.047" /><testcase classname="tests.backend_test.TestAuth" name="test_login_admin_ok" time="0.341" /><testcase classname="tests.backend_test.TestAuth" name="test_login_wrong_password" time="0.442" /><testcase classname="tests.test_content_pages.TestSeededPages" name="test_admin_list_has_all_seeded_pages" time="0.782" /><testcase classname="tests.backend_test.TestAuth" name="test_me_without_cookie" time="0.099" /><testcase classname="tests.test_content_pages.TestSeededPages" name="test_public_list_returns_only_published_without_body" time="0.105" /><testcase classname="tests.test_content_pages.TestSeededPages" name="test_public_page_returns_content[faq]" time="0.128" /><testcase classname="tests.test_content_pages.TestSeededPages" name="test_public_page_returns_content[frakt-leverans]" time="0.220" /><testcase classname="tests.test_content_pages.TestSeededPages" name="test_public_page_returns_content[integritetspolicy]" time="0.112" /><testcase classname="tests.backend_test.TestAuth" name="test_me_with_cookie" time="0.452" /><testcase classname="tests.backend_test.TestAuth" name="test_logout" time="0.378" /><testcase classname="tests.test_content_pages.TestSeededPages" name="test_public_page_returns_content[kontakt]" time="0.307" /><testcase classname="tests.test_content_pages.TestSeededPages" name="test_public_page_returns_content[kopvillkor]" time="0.110" /><testcase classname="tests.backend_test.TestAuth" name="test_register_new_user_and_me" time="0.509" /><testcase classname="tests.test_content_pages.TestSeededPages" name="test_public_page_returns_content[om-oss]" time="0.285" /><testcase classname="tests.test_content_pages.TestSeededPages" name="test_public_page_returns_content[returer]" time="0.109" /><testcase classname="tests.test_content_pages.TestSeededPages" name="test_public_page_nonexistent_returns_404" time="0.103" /><testcase classname="tests.backend_test.TestAuth" name="test_google_session_invalid" time="0.314" /><testcase classname="tests.test_content_pages.TestContentCRUD" name="test_create_normalises_slug" time="0.145" /><testcase classname="tests.test_content_pages.TestContentCRUD" name="test_create_duplicate_slug_returns_400" time="0.105" /><testcase classname="tests.test_content_pages.TestContentCRUD" name="test_patch_updates_title_content_publish" time="0.105" /><testcase classname="tests.backend_test.TestDiscountCodes" name="test_public_validate_seeded" time="0.162" /><testcase classname="tests.test_content_pages.TestContentCRUD" name="test_patch_does_not_change_slug" time="0.166" /><testcase classname="tests.backend_test.TestDiscountCodes" name="test_public_validate_missing" time="0.117" /><testcase classname="tests.test_content_pages.TestContentCRUD" name="test_unpublished_returns_404_on_public_detail" time="0.280" /><testcase classname="tests.backend_test.TestDiscountCodes" name="test_admin_create_code" time="0.068" /><testcase classname="tests.backend_test.TestDiscountCodes" name="test_admin_create_code_duplicate" time="0.052" /><testcase classname="tests.backend_test.TestDiscountCodes" name="test_admin_update_code" time="0.054" /><testcase classname="tests.backend_test.TestDiscountCodes" name="test_admin_list_codes" time="0.077" /><testcase classname="tests.backend_test.TestDiscountCodes" name="test_admin_delete_code" time="0.052" /><testcase classname="tests.test_content_pages.TestContentCRUD" name="test_delete_removes_page" time="0.369" /><testcase classname="tests.test_gallery_and_my_birds.TestBirdImageUpload" name="test_upload_requires_auth" time="0.646" /><testcase classname="tests.test_content_pages.TestContentCRUD" name="test_non_admin_cannot_delete" time="1.188" /><testcase classname="tests.test_gallery_and_my_birds.TestBirdImageUpload" name="test_owner_can_upload" time="0.090" /><testcase classname="tests.test_gallery_and_my_birds.TestBirdImageUpload" name="test_non_owner_forbidden" time="0.447" /><testcase classname="tests.test_gallery_and_my_birds.TestBirdImageUpload" name="test_admin_can_upload_any" time="0.372" /><testcase classname="tests.test_posts_moderation.TestCreatePost" name="test_create_requires_auth" time="0.143" /><testcase classname="tests.test_gallery_and_my_birds.TestBirdImageUpload" name="test_bad_payload_not_a_list" time="0.045" /><testcase classname="tests.test_gallery_and_my_birds.TestBirdImageUpload" name="test_too_many_images" time="0.097" /><testcase classname="tests.test_gallery_and_my_birds.TestBirdImageUpload" name="test_upload_to_missing_bird_404" time="0.048" /><testcase classname="tests.test_posts_moderation.TestCreatePost" name="test_create_minimal_ok" time="0.576" /><testcase classname="tests.test_posts_moderation.TestAdminModeration" name="test_admin_list_all" time="0.500" /><testcase classname="tests.test_posts_moderation.TestCreatePost" name="test_create_with_own_bird" time="0.103" /><testcase classname="tests.test_posts_moderation.TestCreatePost" name="test_create_with_nonexistent_bird_404" time="0.242" /><testcase classname="tests.test_posts_moderation.TestAdminModeration" name="test_non_admin_forbidden" time="0.371" /><testcase classname="tests.test_posts_moderation.TestAdminModeration" name="test_admin_list_pending_filter" time="0.291" /><testcase classname="tests.test_posts_moderation.TestCreatePost" name="test_create_with_others_bird_forbidden" time="0.391" /><testcase classname="tests.test_posts_moderation.TestAdminModeration" name="test_approve_flow" time="0.518" /><testcase classname="tests.test_posts_moderation.TestCreatePost" name="test_admin_can_create_for_anyone" time="0.363" /><testcase classname="tests.test_posts_moderation.TestCreatePost" name="test_max_8_images" time="0.046" /><testcase classname="tests.test_posts_moderation.TestAdminModeration" name="test_reject_flow" time="0.483" /><testcase classname="tests.backend_test.TestAdminUsers" name="test_list_users" time="0.433" /><testcase classname="tests.backend_test.TestAdminUsers" name="test_list_users_search" time="0.053" /><testcase classname="tests.backend_test.TestAdminUsers" name="test_list_users_role_filter" time="0.051" /><testcase classname="tests.test_posts_moderation.TestAdminModeration" name="test_approve_missing_404" time="0.050" /><testcase classname="tests.backend_test.TestAdminUsers" name="test_block_unblock_and_login_blocked" time="0.643" /><testcase classname="tests.test_posts_moderation.TestAdminModeration" name="test_admin_delete_post" time="0.141" /><testcase classname="tests.test_gallery_and_my_birds.TestBirdComments" name="test_get_comments_public" time="0.139"><error message="failed on setup with &quot;AssertionError: user login failed: 403 {&quot;detail&quot;:&quot;Kontot är blockerat&quot;}&#10;assert 403 == 200&#10; +  where 403 = &lt;Response [403]&gt;.status_code&quot;">E   AssertionError: user login failed: 403 {"detail":"Kontot är blockerat"}
    assert 403 == 200
     +  where 403 = &lt;Response [403]&gt;.status_code</error></testcase><testcase classname="tests.test_gallery_and_my_birds.TestBirdComments" name="test_post_comment_public" time="0.000"><error message="failed on setup with &quot;AssertionError: user login failed: 403 {&quot;detail&quot;:&quot;Kontot är blockerat&quot;}&#10;assert 403 == 200&#10; +  where 403 = &lt;Response [403]&gt;.status_code&quot;">E   AssertionError: user login failed: 403 {"detail":"Kontot är blockerat"}
    assert 403 == 200
     +  where 403 = &lt;Response [403]&gt;.status_code</error></testcase><testcase classname="tests.test_gallery_and_my_birds.TestBirdComments" name="test_post_comment_without_email" time="0.000"><error message="failed on setup with &quot;AssertionError: user login failed: 403 {&quot;detail&quot;:&quot;Kontot är blockerat&quot;}&#10;assert 403 == 200&#10; +  where 403 = &lt;Response [403]&gt;.status_code&quot;">E   AssertionError: user login failed: 403 {"detail":"Kontot är blockerat"}
    assert 403 == 200
     +  where 403 = &lt;Response [403]&gt;.status_code</error></testcase><testcase classname="tests.test_gallery_and_my_birds.TestBirdComments" name="test_post_comment_empty_name" time="0.000"><error message="failed on setup with &quot;AssertionError: user login failed: 403 {&quot;detail&quot;:&quot;Kontot är blockerat&quot;}&#10;assert 403 == 200&#10; +  where 403 = &lt;Response [403]&gt;.status_code&quot;">E   AssertionError: user login failed: 403 {"detail":"Kontot är blockerat"}
    assert 403 == 200
     +  where 403 = &lt;Response [403]&gt;.status_code</error></testcase><testcase classname="tests.test_gallery_and_my_birds.TestBirdComments" name="test_post_comment_empty_text" time="0.000"><error message="failed on setup with &quot;AssertionError: user login failed: 403 {&quot;detail&quot;:&quot;Kontot är blockerat&quot;}&#10;assert 403 == 200&#10; +  where 403 = &lt;Response [403]&gt;.status_code&quot;">E   AssertionError: user login failed: 403 {"detail":"Kontot är blockerat"}
    assert 403 == 200
     +  where 403 = &lt;Response [403]&gt;.status_code</error></testcase><testcase classname="tests.test_gallery_and_my_birds.TestBirdComments" name="test_post_comment_on_missing_bird" time="0.304" /><testcase classname="tests.backend_test.TestFoundBirds" name="test_public_create_found_bird" time="0.145" /><testcase classname="tests.backend_test.TestAdminUsers" name="test_patch_user_first_name" time="0.199" /><testcase classname="tests.backend_test.TestFoundBirds" name="test_found_bird_bad_phone" time="0.114" /><testcase classname="tests.backend_test.TestAdminUsers" name="test_cannot_self_delete" time="0.101" /><testcase classname="tests.backend_test.TestFoundBirds" name="test_admin_list_found" time="0.579" /><testcase classname="tests.test_homepage.TestCreate" name="test_create_valid_hero" time="0.587" /><testcase classname="tests.backend_test.TestFoundBirds" name="test_admin_export_found_csv" time="0.052" /><testcase classname="tests.test_homepage.TestCreate" name="test_create_places_at_end" time="0.101" /><testcase classname="tests.backend_test.TestFoundBirds" name="test_admin_delete_found" time="0.060" /><testcase classname="tests.backend_test.TestFeedbackCommentsActivity" name="test_admin_list_feedback" time="0.061" /><testcase classname="tests.test_homepage.TestCreate" name="test_create_invalid_type_422" time="0.051" /><testcase classname="tests.backend_test.TestFeedbackCommentsActivity" name="test_admin_export_feedback_csv" time="0.067" /><testcase classname="tests.test_homepage.TestCreate" name="test_create_missing_label_422" time="0.050" /><testcase classname="tests.backend_test.TestFeedbackCommentsActivity" name="test_admin_list_comments" time="0.059" /><testcase classname="tests.backend_test.TestFeedbackCommentsActivity" name="test_admin_activity" time="0.056" /><testcase classname="tests.test_homepage.TestCreate" name="test_non_admin_cannot_create" time="1.079" /><testcase classname="tests.test_homepage.TestUpdate" name="test_patch_label_and_subtitle" time="0.551" /><testcase classname="tests.test_homepage.TestUpdate" name="test_patch_is_visible_false" time="0.288" /><testcase classname="tests.test_homepage.TestUpdate" name="test_patch_config_accepts_dict" time="0.048" /><testcase classname="tests.test_homepage.TestUpdate" name="test_patch_missing_returns_404" time="0.132" /><testcase classname="tests.test_homepage.TestAdminList" name="test_admin_get_all_sections" time="0.049" /><testcase classname="tests.test_missing_birds.TestMissingReportPublic" name="test_create_ok_defaults" time="0.469" /><testcase classname="tests.test_homepage.TestAdminList" name="test_admin_get_includes_hidden" time="0.150" /><testcase classname="tests.test_homepage.TestAdminList" name="test_non_admin_403_on_admin_endpoint" time="0.268" /><testcase classname="tests.test_homepage.TestAdminList" name="test_anonymous_401_on_admin_endpoint" time="0.047" /><testcase classname="tests.test_missing_birds.TestMissingReportPublic" name="test_create_bad_phone" time="0.096" /><testcase classname="tests.test_missing_birds.TestMissingReportPublic" name="test_create_missing_required" time="0.246" /><testcase classname="tests.test_missing_birds.TestMissingReportPublic" name="test_create_optional_fields_omitted" time="0.470" /><testcase classname="tests.test_content_pages.TestAdminPermissions" name="test_non_admin_cannot_list_admin_content" time="0.500" /><testcase classname="tests.test_content_pages.TestAdminPermissions" name="test_non_admin_cannot_create" time="0.264" /><testcase classname="tests.test_content_pages.TestAdminPermissions" name="test_unauthenticated_cannot_list_admin" time="0.098" /><testcase classname="tests.test_gallery_and_my_birds.TestPublicBirds" name="test_public_birds_no_auth" time="0.103" /><testcase classname="tests.test_gallery_and_my_birds.TestMyBirds" name="test_my_birds_requires_auth" time="0.101" /><testcase classname="tests.test_gallery_and_my_birds.TestPublicBirds" name="test_public_birds_excludes_phone_and_user_id" time="0.101" /><testcase classname="tests.test_gallery_and_my_birds.TestPublicBirds" name="test_public_birds_shows_all_including_pending" time="0.274" /><testcase classname="tests.test_gallery_and_my_birds.TestMyBirds" name="test_my_birds_returns_own_birds_only" time="0.424" /><testcase classname="tests.test_gallery_and_my_birds.TestMyBirds" name="test_my_birds_other_user_isolated" time="0.509" /><testcase classname="tests.test_homepage.TestReorder" name="test_reverse_reorder_and_persistence" time="0.933" /><testcase classname="tests.test_homepage.TestDelete" name="test_delete_and_verify" time="0.464" /><testcase classname="tests.test_homepage.TestReorder" name="test_restore_original_order" time="0.139" /><testcase classname="tests.test_homepage.TestReorder" name="test_non_admin_cannot_reorder" time="0.559" /><testcase classname="tests.test_homepage.TestDelete" name="test_delete_missing_returns_404" time="0.608" /><testcase classname="tests.test_posts_moderation.TestDeletePost" name="test_owner_can_delete" time="0.639" /><testcase classname="tests.test_homepage.TestDelete" name="test_non_admin_cannot_delete" time="1.142" /><testcase classname="tests.test_posts_moderation.TestDeletePost" name="test_other_user_cannot_delete" time="0.552" /><testcase classname="tests.backend_test.TestAdminProtection" name="test_non_admin_forbidden" time="0.540" /><testcase classname="tests.test_posts_moderation.TestDeletePost" name="test_admin_can_delete_any" time="0.642" /><testcase classname="tests.backend_test.TestAdminProtection" name="test_anon_unauthorized" time="0.096" /><testcase classname="tests.test_homepage.TestPublicHomepage" name="test_public_get_returns_list_of_visible" time="0.115" /><testcase classname="tests.test_content_pages.TestRoutingRegression" name="test_list_endpoint_still_works_after_detail_registered" time="0.105" /><testcase classname="tests.test_content_pages.TestRoutingRegression" name="test_detail_uppercase_slug_is_normalised" time="0.113" /><testcase classname="tests.test_homepage.TestPublicHomepage" name="test_public_sorted_by_sort_order" time="0.047" /><testcase classname="tests.test_homepage.TestSeeding" name="test_seeded_sections_exist" time="0.545" /><testcase classname="tests.test_homepage.TestSeeding" name="test_seeded_text_block_is_hidden" time="0.049" /><testcase classname="tests.test_homepage.TestDuplicate" name="test_duplicate_creates_copy_at_end" time="0.637" /><testcase classname="tests.test_missing_birds.TestMissingAdminAuth" name="test_anonymous_401" time="0.177" /><testcase classname="tests.test_homepage.TestDuplicate" name="test_duplicate_missing_returns_404" time="0.393" /><testcase classname="tests.test_missing_birds.TestMissingAdminAuth" name="test_non_admin_403" time="0.366" /><testcase classname="tests.test_missing_birds.TestMissingCSV" name="test_csv_export" time="0.663" /><testcase classname="tests.test_missing_birds.TestAdminStatsMissing" name="test_stats_includes_missing" time="0.555" /><testcase classname="tests.test_missing_birds.TestAdminStatsMissing" name="test_stats_missing_counts_increase" time="0.483"><failure message="assert 3 &gt;= (3 + 1)">E   assert 3 &gt;= (3 + 1)</failure></testcase><testcase classname="tests.test_missing_birds.TestMissingCSV" name="test_csv_requires_admin" time="0.368" /><testcase classname="tests.test_posts_moderation.TestMyPosts" name="test_my_posts_requires_auth" time="0.270" /><testcase classname="tests.test_posts_moderation.TestPublicPosts" name="test_pending_not_public" time="0.481" /><testcase classname="tests.test_posts_moderation.TestPublicPosts" name="test_public_hides_moderator_fields" time="0.267" /><testcase classname="tests.backend_test.TestHealth" name="test_root" time="0.102" /><testcase classname="tests.test_posts_moderation.TestMyPosts" name="test_my_posts_returns_own" time="0.908" /><testcase classname="tests.test_homepage.TestPrivacy" name="test_hidden_section_hidden_from_public" time="0.856" /><testcase classname="tests.backend_test.TestAdminStats" name="test_stats_shape" time="0.385" /><testcase classname="tests.test_missing_birds.TestMissingPrivacy" name="test_missing_report_not_in_found_birds" time="1.254" /><testcase classname="tests.test_gallery_and_my_birds.TestAdminBirdDeleteCascade" name="test_delete_bird_cascades_comments" time="1.360" /><testcase classname="tests.test_posts_moderation.TestAdminStats" name="test_stats_has_post_counts" time="0.368" /></testsuite></testsuites>