<?xml version="1.0" encoding="utf-8"?><testsuites name="pytest tests"><testsuite name="pytest" errors="0" failures="0" skipped="0" tests="85" time="12.430" timestamp="2026-07-13T23:35:55.303600+00:00" hostname="agent-env-5930b17d-cd29-4117-9a48-5a5ab60a042e"><testcase classname="tests.backend_test.TestAuth" name="test_login_admin_ok" time="0.390" /><testcase classname="tests.backend_test.TestRegisteredBirds" name="test_public_create_bird" time="0.122" /><testcase classname="tests.backend_test.TestRegisteredBirds" name="test_public_create_bird_duplicate_ring" time="0.227" /><testcase classname="tests.backend_test.TestRegisteredBirds" name="test_public_create_bird_invalid_phone" time="0.101" /><testcase classname="tests.backend_test.TestAuth" name="test_login_wrong_password" time="0.323" /><testcase classname="tests.backend_test.TestAuth" name="test_me_without_cookie" time="0.224" /><testcase classname="tests.backend_test.TestRegisteredBirds" name="test_admin_list_birds" time="0.534" /><testcase classname="tests.backend_test.TestRegisteredBirds" name="test_admin_list_birds_search" time="0.046" /><testcase classname="tests.backend_test.TestRegisteredBirds" name="test_admin_list_birds_payment_filter" time="0.227" /><testcase classname="tests.backend_test.TestAuth" name="test_me_with_cookie" time="0.364" /><testcase classname="tests.backend_test.TestRegisteredBirds" name="test_admin_update_bird" time="0.048" /><testcase classname="tests.backend_test.TestAuth" name="test_logout" time="0.449" /><testcase classname="tests.backend_test.TestRegisteredBirds" name="test_admin_update_bird_duplicate_ring" time="0.317" /><testcase classname="tests.backend_test.TestRegisteredBirds" name="test_admin_export_csv" time="0.051" /><testcase classname="tests.backend_test.TestRegisteredBirds" name="test_admin_delete_bird" time="0.133" /><testcase classname="tests.backend_test.TestAuth" name="test_register_new_user_and_me" time="0.471" /><testcase classname="tests.backend_test.TestDiscountCodes" name="test_public_validate_seeded" time="0.258" /><testcase classname="tests.backend_test.TestDiscountCodes" name="test_public_validate_missing" time="0.100" /><testcase classname="tests.backend_test.TestDiscountCodes" name="test_admin_create_code" time="0.054" /><testcase classname="tests.backend_test.TestAuth" name="test_google_session_invalid" time="0.206" /><testcase classname="tests.backend_test.TestDiscountCodes" name="test_admin_create_code_duplicate" time="0.045" /><testcase classname="tests.backend_test.TestDiscountCodes" name="test_admin_update_code" time="0.052" /><testcase classname="tests.backend_test.TestDiscountCodes" name="test_admin_list_codes" time="0.047" /><testcase classname="tests.backend_test.TestDiscountCodes" name="test_admin_delete_code" time="0.049" /><testcase classname="tests.test_posts_moderation.TestCreatePost" name="test_create_requires_auth" time="0.321" /><testcase classname="tests.test_posts_moderation.TestAdminModeration" name="test_admin_list_all" time="0.394" /><testcase classname="tests.test_posts_moderation.TestCreatePost" name="test_create_minimal_ok" time="0.559" /><testcase classname="tests.test_posts_moderation.TestAdminModeration" name="test_non_admin_forbidden" time="0.537" /><testcase classname="tests.test_posts_moderation.TestAdminModeration" name="test_admin_list_pending_filter" time="0.044" /><testcase classname="tests.test_posts_moderation.TestCreatePost" name="test_create_with_own_bird" time="0.094" /><testcase classname="tests.test_posts_moderation.TestAdminModeration" name="test_approve_flow" time="0.756" /><testcase classname="tests.test_posts_moderation.TestCreatePost" name="test_create_with_nonexistent_bird_404" time="0.052" /><testcase classname="tests.test_posts_moderation.TestCreatePost" name="test_create_with_others_bird_forbidden" time="0.368" /><testcase classname="tests.test_posts_moderation.TestAdminModeration" name="test_reject_flow" time="0.238" /><testcase classname="tests.test_posts_moderation.TestCreatePost" name="test_admin_can_create_for_anyone" time="0.420" /><testcase classname="tests.test_posts_moderation.TestCreatePost" name="test_max_8_images" time="0.050" /><testcase classname="tests.test_posts_moderation.TestAdminModeration" name="test_approve_missing_404" time="0.230" /><testcase classname="tests.test_posts_moderation.TestAdminModeration" name="test_admin_delete_post" time="0.092" /><testcase classname="tests.test_gallery_and_my_birds.TestBirdImageUpload" name="test_upload_requires_auth" time="0.476" /><testcase classname="tests.test_gallery_and_my_birds.TestBirdImageUpload" name="test_owner_can_upload" time="0.316" /><testcase classname="tests.backend_test.TestAdminUsers" name="test_list_users" time="0.375" /><testcase classname="tests.backend_test.TestAdminUsers" name="test_list_users_search" time="0.084" /><testcase classname="tests.backend_test.TestAdminUsers" name="test_list_users_role_filter" time="0.042" /><testcase classname="tests.backend_test.TestAdminUsers" name="test_block_unblock_and_login_blocked" time="0.940" /><testcase classname="tests.test_gallery_and_my_birds.TestBirdImageUpload" name="test_non_owner_forbidden" time="0.407" /><testcase classname="tests.test_gallery_and_my_birds.TestBirdImageUpload" name="test_admin_can_upload_any" time="0.660" /><testcase classname="tests.backend_test.TestAdminUsers" name="test_patch_user_first_name" time="0.182" /><testcase classname="tests.test_gallery_and_my_birds.TestBirdImageUpload" name="test_bad_payload_not_a_list" time="0.046" /><testcase classname="tests.test_gallery_and_my_birds.TestBirdImageUpload" name="test_too_many_images" time="0.046" /><testcase classname="tests.test_gallery_and_my_birds.TestBirdImageUpload" name="test_upload_to_missing_bird_404" time="0.091" /><testcase classname="tests.backend_test.TestAdminUsers" name="test_cannot_self_delete" time="0.124" /><testcase classname="tests.backend_test.TestFoundBirds" name="test_public_create_found_bird" time="0.104" /><testcase classname="tests.backend_test.TestFoundBirds" name="test_found_bird_bad_phone" time="0.102" /><testcase classname="tests.backend_test.TestFoundBirds" name="test_admin_list_found" time="0.504" /><testcase classname="tests.test_gallery_and_my_birds.TestBirdComments" name="test_get_comments_public" time="0.687" /><testcase classname="tests.backend_test.TestFoundBirds" name="test_admin_export_found_csv" time="0.049" /><testcase classname="tests.backend_test.TestFoundBirds" name="test_admin_delete_found" time="0.048" /><testcase classname="tests.backend_test.TestFeedbackCommentsActivity" name="test_admin_list_feedback" time="0.054" /><testcase classname="tests.test_gallery_and_my_birds.TestBirdComments" name="test_post_comment_public" time="0.261" /><testcase classname="tests.backend_test.TestFeedbackCommentsActivity" name="test_admin_export_feedback_csv" time="0.046" /><testcase classname="tests.backend_test.TestFeedbackCommentsActivity" name="test_admin_list_comments" time="0.045" /><testcase classname="tests.backend_test.TestFeedbackCommentsActivity" name="test_admin_activity" time="0.051" /><testcase classname="tests.test_gallery_and_my_birds.TestBirdComments" name="test_post_comment_without_email" time="0.266" /><testcase classname="tests.test_posts_moderation.TestDeletePost" name="test_owner_can_delete" time="0.481" /><testcase classname="tests.test_gallery_and_my_birds.TestBirdComments" name="test_post_comment_empty_name" time="0.104" /><testcase classname="tests.test_gallery_and_my_birds.TestBirdComments" name="test_post_comment_empty_text" time="0.097" /><testcase classname="tests.test_gallery_and_my_birds.TestBirdComments" name="test_post_comment_on_missing_bird" time="0.281" /><testcase classname="tests.test_posts_moderation.TestDeletePost" name="test_other_user_cannot_delete" time="0.426" /><testcase classname="tests.test_gallery_and_my_birds.TestPublicBirds" name="test_public_birds_no_auth" time="0.095" /><testcase classname="tests.test_gallery_and_my_birds.TestPublicBirds" name="test_public_birds_excludes_phone_and_user_id" time="0.321" /><testcase classname="tests.test_posts_moderation.TestDeletePost" name="test_admin_can_delete_any" time="0.418" /><testcase classname="tests.test_gallery_and_my_birds.TestPublicBirds" name="test_public_birds_shows_all_including_pending" time="0.103" /><testcase classname="tests.test_gallery_and_my_birds.TestMyBirds" name="test_my_birds_requires_auth" time="0.322" /><testcase classname="tests.backend_test.TestAdminProtection" name="test_non_admin_forbidden" time="0.362" /><testcase classname="tests.backend_test.TestAdminProtection" name="test_anon_unauthorized" time="0.283" /><testcase classname="tests.test_gallery_and_my_birds.TestMyBirds" name="test_my_birds_returns_own_birds_only" time="0.654" /><testcase classname="tests.test_posts_moderation.TestPublicPosts" name="test_pending_not_public" time="0.649" /><testcase classname="tests.test_gallery_and_my_birds.TestMyBirds" name="test_my_birds_other_user_isolated" time="0.377" /><testcase classname="tests.test_posts_moderation.TestPublicPosts" name="test_public_hides_moderator_fields" time="0.110" /><testcase classname="tests.test_posts_moderation.TestMyPosts" name="test_my_posts_requires_auth" time="0.133" /><testcase classname="tests.backend_test.TestHealth" name="test_root" time="0.136" /><testcase classname="tests.test_posts_moderation.TestMyPosts" name="test_my_posts_returns_own" time="0.599" /><testcase classname="tests.backend_test.TestAdminStats" name="test_stats_shape" time="0.547" /><testcase classname="tests.test_posts_moderation.TestAdminStats" name="test_stats_has_post_counts" time="0.784" /><testcase classname="tests.test_gallery_and_my_birds.TestAdminBirdDeleteCascade" name="test_delete_bird_cascades_comments" time="1.312" /></testsuite></testsuites>