<?xml version="1.0" encoding="utf-8"?><testsuites name="pytest tests"><testsuite name="pytest" errors="0" failures="0" skipped="0" tests="11" time="2.817" timestamp="2026-07-30T06:51:07.571069+00:00" hostname="agent-env-5930b17d-cd29-4117-9a48-5a5ab60a042e"><testcase classname="tests.test_iter20_railway_cleanup" name="test_api_root_healthy" time="0.219" /><testcase classname="tests.test_iter20_railway_cleanup" name="test_public_prices" time="0.133" /><testcase classname="tests.test_iter20_railway_cleanup" name="test_public_site_texts" time="0.096" /><testcase classname="tests.test_iter20_railway_cleanup" name="test_admin_login_returns_tokens" time="0.347" /><testcase classname="tests.test_iter20_railway_cleanup" name="test_2fa_status" time="0.102" /><testcase classname="tests.test_iter20_railway_cleanup" name="test_2fa_setup" time="0.097" /><testcase classname="tests.test_iter20_railway_cleanup" name="test_register_weak_password" time="0.099" /><testcase classname="tests.test_iter20_railway_cleanup" name="test_register_strong_password" time="0.315" /><testcase classname="tests.test_iter20_railway_cleanup" name="test_admin_update_prices" time="0.376" /><testcase classname="tests.test_iter20_railway_cleanup" name="test_admin_update_site_text" time="0.219" /><testcase classname="tests.test_iter20_railway_cleanup" name="test_cleanup_created_user" time="0.466" /></testsuite></testsuites>