<?xml version="1.0" encoding="utf-8"?><testsuites name="pytest tests"><testsuite name="pytest" errors="0" failures="1" skipped="0" tests="110" time="14.137" timestamp="2026-07-13T23:58:37.223298+00:00" hostname="agent-env-5930b17d-cd29-4117-9a48-5a5ab60a042e"><testcase classname="tests.test_content_pages.TestSeededPages" name="test_admin_list_has_all_seeded_pages" time="0.573" /><testcase classname="tests.test_missing_birds.TestMissingLifecycle" name="test_create_for_admin_view" time="0.688" /><testcase classname="tests.test_content_pages.TestSeededPages" name="test_public_list_returns_only_published_without_body" time="0.108" /><testcase classname="tests.test_content_pages.TestSeededPages" name="test_public_page_returns_content[faq]" time="0.101" /><testcase classname="tests.test_missing_birds.TestMissingLifecycle" name="test_admin_list_default_all" time="0.055" /><testcase classname="tests.test_missing_birds.TestMissingLifecycle" name="test_admin_list_filter_searching" time="0.046" /><testcase classname="tests.test_content_pages.TestSeededPages" name="test_public_page_returns_content[frakt-leverans]" time="0.106" /><testcase classname="tests.test_missing_birds.TestMissingLifecycle" name="test_admin_list_search" time="0.046" /><testcase classname="tests.test_missing_birds.TestMissingLifecycle" name="test_admin_notify" time="0.050" /><testcase classname="tests.test_missing_birds.TestMissingLifecycle" name="test_admin_update_status_found_sets_found_at" time="0.047" /><testcase classname="tests.test_content_pages.TestSeededPages" name="test_public_page_returns_content[integritetspolicy]" time="0.146" /><testcase classname="tests.test_missing_birds.TestMissingLifecycle" name="test_admin_list_filter_found_contains_report" time="0.053" /><testcase classname="tests.test_missing_birds.TestMissingLifecycle" name="test_admin_update_status_closed" time="0.090" /><testcase classname="tests.test_content_pages.TestSeededPages" name="test_public_page_returns_content[kontakt]" time="0.145" /><testcase classname="tests.test_missing_birds.TestMissingLifecycle" name="test_admin_update_empty_400" time="0.047" /><testcase classname="tests.test_missing_birds.TestMissingLifecycle" name="test_admin_update_404" time="0.047" /><testcase classname="tests.test_missing_birds.TestMissingLifecycle" name="test_admin_delete_report" time="0.096" /><testcase classname="tests.test_content_pages.TestSeededPages" name="test_public_page_returns_content[kopvillkor]" time="0.097" /><testcase classname="tests.test_missing_birds.TestMissingLifecycle" name="test_admin_delete_404" time="0.050" /><testcase classname="tests.test_content_pages.TestSeededPages" name="test_public_page_returns_content[om-oss]" time="0.105" /><testcase classname="tests.backend_test.TestRegisteredBirds" name="test_public_create_bird" time="0.108" /><testcase classname="tests.test_content_pages.TestSeededPages" name="test_public_page_returns_content[returer]" time="0.102" /><testcase classname="tests.backend_test.TestRegisteredBirds" name="test_public_create_bird_duplicate_ring" time="0.117" /><testcase classname="tests.test_content_pages.TestSeededPages" name="test_public_page_nonexistent_returns_404" time="0.100" /><testcase classname="tests.backend_test.TestRegisteredBirds" name="test_public_create_bird_invalid_phone" time="0.142" /><testcase classname="tests.test_content_pages.TestContentCRUD" name="test_create_normalises_slug" time="0.052" /><testcase classname="tests.test_content_pages.TestContentCRUD" name="test_create_duplicate_slug_returns_400" time="0.094" /><testcase classname="tests.test_content_pages.TestContentCRUD" name="test_patch_updates_title_content_publish" time="0.284" /><testcase classname="tests.backend_test.TestRegisteredBirds" name="test_admin_list_birds" time="0.373" /><testcase classname="tests.test_content_pages.TestContentCRUD" name="test_patch_does_not_change_slug" time="0.100" /><testcase classname="tests.backend_test.TestRegisteredBirds" name="test_admin_list_birds_search" time="0.046" /><testcase classname="tests.backend_test.TestRegisteredBirds" name="test_admin_list_birds_payment_filter" time="0.056" /><testcase classname="tests.test_content_pages.TestContentCRUD" name="test_unpublished_returns_404_on_public_detail" time="0.253" /><testcase classname="tests.backend_test.TestRegisteredBirds" name="test_admin_update_bird" time="0.053" /><testcase classname="tests.backend_test.TestRegisteredBirds" name="test_admin_update_bird_duplicate_ring" time="0.098" /><testcase classname="tests.backend_test.TestRegisteredBirds" name="test_admin_export_csv" time="0.082" /><testcase classname="tests.test_content_pages.TestContentCRUD" name="test_delete_removes_page" time="0.199" /><testcase classname="tests.backend_test.TestRegisteredBirds" name="test_admin_delete_bird" time="0.094" /><testcase classname="tests.backend_test.TestAuth" name="test_login_admin_ok" time="0.331" /><testcase classname="tests.backend_test.TestAuth" name="test_login_wrong_password" time="0.441" /><testcase classname="tests.test_content_pages.TestContentCRUD" name="test_non_admin_cannot_delete" time="1.261" /><testcase classname="tests.backend_test.TestAuth" name="test_me_without_cookie" time="0.095" /><testcase classname="tests.backend_test.TestAuth" name="test_me_with_cookie" time="0.050" /><testcase classname="tests.backend_test.TestAuth" name="test_logout" time="0.405" /><testcase classname="tests.backend_test.TestAuth" name="test_register_new_user_and_me" time="0.479" /><testcase classname="tests.backend_test.TestDiscountCodes" name="test_public_validate_seeded" time="0.305" /><testcase classname="tests.backend_test.TestDiscountCodes" name="test_public_validate_missing" time="0.097" /><testcase classname="tests.backend_test.TestAuth" name="test_google_session_invalid" time="0.389" /><testcase classname="tests.backend_test.TestDiscountCodes" name="test_admin_create_code" time="0.436" /><testcase classname="tests.backend_test.TestDiscountCodes" name="test_admin_create_code_duplicate" time="0.044" /><testcase classname="tests.test_posts_moderation.TestCreatePost" name="test_create_requires_auth" time="0.101" /><testcase classname="tests.backend_test.TestDiscountCodes" name="test_admin_update_code" time="0.047" /><testcase classname="tests.backend_test.TestDiscountCodes" name="test_admin_list_codes" time="0.054" /><testcase classname="tests.backend_test.TestDiscountCodes" name="test_admin_delete_code" time="0.049" /><testcase classname="tests.test_posts_moderation.TestCreatePost" name="test_create_minimal_ok" time="0.550" /><testcase classname="tests.test_posts_moderation.TestAdminModeration" name="test_admin_list_all" time="0.518" /><testcase classname="tests.test_posts_moderation.TestCreatePost" name="test_create_with_own_bird" time="0.105" /><testcase classname="tests.test_posts_moderation.TestCreatePost" name="test_create_with_nonexistent_bird_404" time="0.062" /><testcase classname="tests.test_posts_moderation.TestAdminModeration" name="test_non_admin_forbidden" time="0.575" /><testcase classname="tests.test_posts_moderation.TestCreatePost" name="test_create_with_others_bird_forbidden" time="0.508" /><testcase classname="tests.test_posts_moderation.TestAdminModeration" name="test_admin_list_pending_filter" time="0.046" /><testcase classname="tests.test_posts_moderation.TestAdminModeration" name="test_approve_flow" time="0.522" /><testcase classname="tests.test_posts_moderation.TestCreatePost" name="test_admin_can_create_for_anyone" time="0.370" /><testcase classname="tests.test_posts_moderation.TestCreatePost" name="test_max_8_images" time="0.046" /><testcase classname="tests.test_posts_moderation.TestAdminModeration" name="test_reject_flow" time="0.501" /><testcase classname="tests.backend_test.TestAdminUsers" name="test_list_users" time="0.378" /><testcase classname="tests.backend_test.TestAdminUsers" name="test_list_users_search" time="0.048" /><testcase classname="tests.backend_test.TestAdminUsers" name="test_list_users_role_filter" time="0.049" /><testcase classname="tests.backend_test.TestAdminUsers" name="test_block_unblock_and_login_blocked" time="0.557" /><testcase classname="tests.test_posts_moderation.TestAdminModeration" name="test_approve_missing_404" time="0.049" /><testcase classname="tests.test_posts_moderation.TestAdminModeration" name="test_admin_delete_post" time="0.103"><failure message="KeyError: 'id'">E   KeyError: 'id'</failure></testcase><testcase classname="tests.backend_test.TestFoundBirds" name="test_public_create_found_bird" time="0.282" /><testcase classname="tests.backend_test.TestAdminUsers" name="test_patch_user_first_name" time="0.144" /><testcase classname="tests.backend_test.TestFoundBirds" name="test_found_bird_bad_phone" time="0.102" /><testcase classname="tests.backend_test.TestAdminUsers" name="test_cannot_self_delete" time="0.281" /><testcase classname="tests.backend_test.TestFoundBirds" name="test_admin_list_found" time="0.378" /><testcase classname="tests.backend_test.TestFeedbackCommentsActivity" name="test_admin_list_feedback" time="0.056" /><testcase classname="tests.backend_test.TestFoundBirds" name="test_admin_export_found_csv" time="0.046" /><testcase classname="tests.backend_test.TestFeedbackCommentsActivity" name="test_admin_export_feedback_csv" time="0.092" /><testcase classname="tests.backend_test.TestFoundBirds" name="test_admin_delete_found" time="0.047" /><testcase classname="tests.backend_test.TestFeedbackCommentsActivity" name="test_admin_list_comments" time="0.046" /><testcase classname="tests.test_missing_birds.TestMissingReportPublic" name="test_create_ok_defaults" time="0.675" /><testcase classname="tests.backend_test.TestFeedbackCommentsActivity" name="test_admin_activity" time="0.049" /><testcase classname="tests.test_content_pages.TestAdminPermissions" name="test_non_admin_cannot_list_admin_content" time="0.593" /><testcase classname="tests.test_missing_birds.TestMissingReportPublic" name="test_create_bad_phone" time="0.106" /><testcase classname="tests.test_content_pages.TestAdminPermissions" name="test_non_admin_cannot_create" time="0.051" /><testcase classname="tests.test_content_pages.TestAdminPermissions" name="test_unauthenticated_cannot_list_admin" time="0.105" /><testcase classname="tests.test_missing_birds.TestMissingReportPublic" name="test_create_missing_required" time="0.118" /><testcase classname="tests.test_missing_birds.TestMissingReportPublic" name="test_create_optional_fields_omitted" time="0.640" /><testcase classname="tests.test_posts_moderation.TestDeletePost" name="test_owner_can_delete" time="0.643" /><testcase classname="tests.test_content_pages.TestRoutingRegression" name="test_list_endpoint_still_works_after_detail_registered" time="0.267" /><testcase classname="tests.test_posts_moderation.TestDeletePost" name="test_other_user_cannot_delete" time="0.414" /><testcase classname="tests.test_content_pages.TestRoutingRegression" name="test_detail_uppercase_slug_is_normalised" time="0.101" /><testcase classname="tests.test_missing_birds.TestMissingAdminAuth" name="test_anonymous_401" time="0.328" /><testcase classname="tests.test_posts_moderation.TestDeletePost" name="test_admin_can_delete_any" time="0.438" /><testcase classname="tests.test_missing_birds.TestMissingAdminAuth" name="test_non_admin_403" time="0.577" /><testcase classname="tests.backend_test.TestAdminProtection" name="test_non_admin_forbidden" time="0.531" /><testcase classname="tests.backend_test.TestAdminProtection" name="test_anon_unauthorized" time="0.269" /><testcase classname="tests.test_missing_birds.TestMissingCSV" name="test_csv_export" time="0.750" /><testcase classname="tests.test_missing_birds.TestAdminStatsMissing" name="test_stats_includes_missing" time="0.376" /><testcase classname="tests.test_missing_birds.TestAdminStatsMissing" name="test_stats_missing_counts_increase" time="0.577" /><testcase classname="tests.test_missing_birds.TestMissingCSV" name="test_csv_requires_admin" time="0.050" /><testcase classname="tests.test_posts_moderation.TestPublicPosts" name="test_pending_not_public" time="0.522" /><testcase classname="tests.test_posts_moderation.TestMyPosts" name="test_my_posts_requires_auth" time="0.105" /><testcase classname="tests.test_posts_moderation.TestPublicPosts" name="test_public_hides_moderator_fields" time="0.146" /><testcase classname="tests.backend_test.TestHealth" name="test_root" time="0.238" /><testcase classname="tests.test_posts_moderation.TestMyPosts" name="test_my_posts_returns_own" time="0.416" /><testcase classname="tests.test_missing_birds.TestMissingPrivacy" name="test_missing_report_not_in_found_birds" time="1.196" /><testcase classname="tests.backend_test.TestAdminStats" name="test_stats_shape" time="0.511" /><testcase classname="tests.test_posts_moderation.TestAdminStats" name="test_stats_has_post_counts" time="0.379" /></testsuite></testsuites>