<?xml version="1.0" encoding="utf-8"?><testsuites name="pytest tests"><testsuite name="pytest" errors="0" failures="0" skipped="0" tests="19" time="3.722" timestamp="2026-07-15T22:44:56.605948+00:00" hostname="agent-env-5930b17d-cd29-4117-9a48-5a5ab60a042e"><testcase classname="tests.test_menu.TestAdminMenuAuth" name="test_admin_menu_ok" time="0.690" /><testcase classname="tests.test_menu.TestAdminMenuCRUD" name="test_create_top_level" time="0.736" /><testcase classname="tests.test_menu.TestAdminMenuCRUD" name="test_create_child" time="0.317" /><testcase classname="tests.test_menu.TestAdminMenuAuth" name="test_admin_menu_non_admin_forbidden" time="0.364" /><testcase classname="tests.test_menu.TestAdminMenuCRUD" name="test_create_child_invalid_parent" time="0.045" /><testcase classname="tests.test_menu.TestAdminMenuAuth" name="test_admin_menu_anon" time="0.158" /><testcase classname="tests.test_menu.TestAdminMenuCRUD" name="test_single_level_enforcement" time="0.177" /><testcase classname="tests.test_menu.TestPublicMenu" name="test_public_menu_tree_shape_and_seed" time="0.144" /><testcase classname="tests.test_menu.TestAdminMenuCRUD" name="test_patch_label_and_url" time="0.137" /><testcase classname="tests.test_menu.TestPublicMenu" name="test_public_menu_sorted_by_sort_order" time="0.110" /><testcase classname="tests.test_menu.TestAdminMenuCRUD" name="test_patch_self_parent_rejected" time="0.097" /><testcase classname="tests.test_menu.TestDelete" name="test_delete_cascades_children" time="0.251" /><testcase classname="tests.test_menu.TestAdminMenuCRUD" name="test_patch_make_parent_with_children_a_child_rejected" time="0.265" /><testcase classname="tests.test_menu.TestDelete" name="test_delete_404" time="0.094" /><testcase classname="tests.test_menu.TestAdminMenuCRUD" name="test_patch_404" time="0.091" /><testcase classname="tests.test_menu.TestCRUDAuth" name="test_non_admin_create_forbidden" time="0.055" /><testcase classname="tests.test_menu.TestCRUDAuth" name="test_non_admin_delete_forbidden" time="0.090" /><testcase classname="tests.test_menu.TestAdminMenuCRUD" name="test_toggle_is_visible_reflects_public" time="0.427" /><testcase classname="tests.test_menu.TestReorder" name="test_reorder_top_level" time="1.095" /></testsuite></testsuites>