<?xml version="1.0" encoding="utf-8"?><testsuites name="pytest tests"><testsuite name="pytest" errors="0" failures="0" skipped="0" tests="26" time="38.135" timestamp="2026-07-21T05:22:22.768394+00:00" hostname="agent-env-5930b17d-cd29-4117-9a48-5a5ab60a042e"><testcase classname="tests.test_security_iter16.TestPIIExposure" name="test_public_birds_no_pii" time="0.180" /><testcase classname="tests.test_security_iter16.TestRateLimits" name="test_login_rate_limit_email_6th_attempt" time="2.377" /><testcase classname="tests.test_security_iter16.TestPIIExposure" name="test_found_birds_public_no_finder_phone" time="0.227" /><testcase classname="tests.test_security_iter16.TestPIIExposure" name="test_admin_found_birds_has_finder_phone" time="0.767" /><testcase classname="tests.test_security_iter16.TestPIIExposure" name="test_bird_comments_no_commenter_email" time="0.418" /><testcase classname="tests.test_security_iter16.TestPIIExposure" name="test_public_posts_no_author_email_or_user_id" time="0.397" /><testcase classname="tests.test_security_iter16.TestPasswordHashAndCookies" name="test_password_hash_not_in_login" time="0.382" /><testcase classname="tests.test_security_iter16.TestPasswordHashAndCookies" name="test_password_hash_not_in_register" time="0.553" /><testcase classname="tests.test_security_iter16.TestRateLimits" name="test_register_rate_limit_6th_attempt" time="2.873" /><testcase classname="tests.test_security_iter16.TestPasswordHashAndCookies" name="test_password_hash_not_in_me" time="0.580" /><testcase classname="tests.test_security_iter16.TestPasswordHashAndCookies" name="test_login_cookie_attributes" time="0.510" /><testcase classname="tests.test_security_iter16.TestOwnership" name="test_my_birds_isolation" time="1.171" /><testcase classname="tests.test_security_iter16.TestOwnership" name="test_user_cannot_delete_others_post" time="0.147" /><testcase classname="tests.test_security_iter16.TestRateLimits" name="test_ring_search_rate_limit_21st" time="17.261" /><testcase classname="tests.test_security_iter16.TestOwnership" name="test_upload_images_to_other_users_bird_is_forbidden" time="0.150" /><testcase classname="tests.test_security_iter16.TestRegressions" name="test_root_still_ok" time="0.096" /><testcase classname="tests.test_security_iter16.TestRegressions" name="test_contact_first_submission_succeeds" time="0.346" /><testcase classname="tests.test_security_iter16.TestRegressions" name="test_register_bird_creates_stripe_session" time="31.108" /><testcase classname="tests.test_security_iter16.TestRateLimits" name="test_contact_rate_limit_4th" time="0.888" /><testcase classname="tests.test_security_iter16.TestRateLimits" name="test_registered_birds_rate_limit_11th" time="10.839" /><testcase classname="tests.test_security_iter16.TestRateLimits" name="test_discount_validate_rate_limit_21st" time="3.030" /><testcase classname="tests.test_security_iter16.TestAdminOnly" name="test_regular_user_cannot_access_admin_registered_birds" time="0.044" /><testcase classname="tests.test_security_iter16.TestAdminOnly" name="test_unauthenticated_admin_users_returns_401" time="0.104" /><testcase classname="tests.test_security_iter16.TestBlockedUser" name="test_blocked_user_gets_403" time="0.541" /><testcase classname="tests.test_security_iter16.TestStripeWebhook" name="test_missing_signature_returns_400" time="0.254" /><testcase classname="tests.test_security_iter16.TestStripeWebhook" name="test_invalid_signature_returns_400" time="0.118" /></testsuite></testsuites>