<?xml version="1.0" encoding="utf-8"?><testsuites name="pytest tests"><testsuite name="pytest" errors="0" failures="0" skipped="0" tests="10" time="1.575" timestamp="2026-07-13T22:55:19.766250+00:00" hostname="agent-env-5930b17d-cd29-4117-9a48-5a5ab60a042e"><testcase classname="tests.backend_test.TestRegisteredBirds" name="test_public_create_bird" time="0.125" /><testcase classname="tests.backend_test.TestRegisteredBirds" name="test_public_create_bird_duplicate_ring" time="0.226" /><testcase classname="tests.backend_test.TestRegisteredBirds" name="test_public_create_bird_invalid_phone" time="0.142" /><testcase classname="tests.backend_test.TestAdminUsers" name="test_list_users" time="0.442" /><testcase classname="tests.backend_test.TestAdminUsers" name="test_list_users_search" time="0.049" /><testcase classname="tests.backend_test.TestAdminUsers" name="test_list_users_role_filter" time="0.046" /><testcase classname="tests.backend_test.TestAuth" name="test_login_admin_ok" time="0.384" /><testcase classname="tests.backend_test.TestAdminStats" name="test_stats_shape" time="0.053" /><testcase classname="tests.backend_test.TestFeedbackCommentsActivity" name="test_admin_activity" time="0.246" /><testcase classname="tests.backend_test.TestAuth" name="test_me_with_cookie" time="0.368" /></testsuite></testsuites>