<?xml version="1.0" encoding="utf-8"?><testsuites name="pytest tests"><testsuite name="pytest" errors="0" failures="0" skipped="0" tests="18" time="4.667" timestamp="2026-07-16T01:41:49.776816+00:00" hostname="agent-env-5930b17d-cd29-4117-9a48-5a5ab60a042e"><testcase classname="tests.test_species_long_strings.TestRegisteredBirdLongSpecies" name="test_create_bird_with_long_species[Gr\xe5 papegoja \u2013 Kongo (Psittacus erithacus)]" time="0.509" /><testcase classname="tests.test_species_long_strings" name="test_admin_routes_load[/admin/registered-birds]" time="0.560" /><testcase classname="tests.test_species_long_strings.TestRegisteredBirdLongSpecies" name="test_create_bird_with_long_species[Ara \u2013 Gr\xf6nvingad (Ara chloropterus)]" time="0.138" /><testcase classname="tests.test_species_long_strings.TestRegisteredBirdLongSpecies" name="test_create_bird_with_long_species[Amazon \u2013 Bl\xe5pannad / Turkos (Amazona aestiva)]" time="0.273" /><testcase classname="tests.test_species_long_strings" name="test_admin_routes_load[/admin/missing-birds]" time="0.414" /><testcase classname="tests.test_species_long_strings.TestRegisteredBirdLongSpecies" name="test_create_bird_with_long_species[Kakadu \u2013 Major Mitchell / Leadbeaters (Lophochroa leadbeateri)]" time="0.107" /><testcase classname="tests.test_species_long_strings.TestRegisteredBirdLongSpecies" name="test_create_bird_with_long_species[Annat / Ej i listan (specificera i beskrivning)]" time="0.279" /><testcase classname="tests.test_species_long_strings" name="test_admin_routes_load[/admin/menu]" time="0.387" /><testcase classname="tests.test_species_long_strings.TestRegisteredBirdLongSpecies" name="test_created_birds_visible_in_admin_list" time="0.544" /><testcase classname="tests.test_species_long_strings" name="test_admin_routes_load[/admin/homepage]" time="0.544" /><testcase classname="tests.test_species_long_strings.TestRegisteredBirdLongSpecies" name="test_teardown_cleanup" time="1.030" /><testcase classname="tests.test_species_long_strings" name="test_admin_routes_load[/admin/content]" time="0.554" /><testcase classname="tests.test_species_long_strings" name="test_admin_routes_load[/admin/posts]" time="0.374" /><testcase classname="tests.test_species_long_strings.TestMissingBirdLongSpecies" name="test_create_missing_with_long_species[Gr\xe5 papegoja \u2013 Kongo (Psittacus erithacus)]" time="0.129" /><testcase classname="tests.test_species_long_strings.TestMissingBirdLongSpecies" name="test_create_missing_with_long_species[Ara \u2013 Gr\xf6nvingad (Ara chloropterus)]" time="0.093" /><testcase classname="tests.test_species_long_strings.TestMissingBirdLongSpecies" name="test_create_missing_with_long_species[Amazon \u2013 Bl\xe5pannad / Turkos (Amazona aestiva)]" time="0.103" /><testcase classname="tests.test_species_long_strings.TestMissingBirdLongSpecies" name="test_missing_visible_in_admin_list" time="0.478" /><testcase classname="tests.test_species_long_strings.TestMissingBirdLongSpecies" name="test_missing_teardown" time="0.524" /></testsuite></testsuites>