<?xml version="1.0" encoding="utf-8"?><testsuites name="pytest tests"><testsuite name="pytest" errors="0" failures="1" skipped="0" tests="43" time="4.379" timestamp="2026-07-13T12:25:06.523355+00:00" hostname="agent-env-5930b17d-cd29-4117-9a48-5a5ab60a042e"><testcase classname="tests.backend_test.TestAuth" name="test_login_admin_ok" time="0.448" /><testcase classname="tests.backend_test.TestRegisteredBirds" name="test_public_create_bird" time="0.202" /><testcase classname="tests.backend_test.TestRegisteredBirds" name="test_public_create_bird_duplicate_ring" time="0.247" /><testcase classname="tests.backend_test.TestAuth" name="test_login_wrong_password" time="0.321" /><testcase classname="tests.backend_test.TestRegisteredBirds" name="test_public_create_bird_invalid_phone" time="0.321" /><testcase classname="tests.backend_test.TestAuth" name="test_me_without_cookie" time="0.324" /><testcase classname="tests.backend_test.TestRegisteredBirds" name="test_admin_list_birds" time="0.367" /><testcase classname="tests.backend_test.TestRegisteredBirds" name="test_admin_list_birds_search" time="0.044" /><testcase classname="tests.backend_test.TestRegisteredBirds" name="test_admin_list_birds_payment_filter" time="0.235" /><testcase classname="tests.backend_test.TestAuth" name="test_me_with_cookie" time="0.372" /><testcase classname="tests.backend_test.TestRegisteredBirds" name="test_admin_update_bird" time="0.050" /><testcase classname="tests.backend_test.TestAuth" name="test_logout" time="0.362" /><testcase classname="tests.backend_test.TestRegisteredBirds" name="test_admin_update_bird_duplicate_ring" time="0.312" /><testcase classname="tests.backend_test.TestRegisteredBirds" name="test_admin_export_csv" time="0.049" /><testcase classname="tests.backend_test.TestAuth" name="test_register_new_user_and_me" time="0.321"><failure message="AssertionError: assert 'test_reg_442...4@example.com' == 'TEST_reg_442...4@example.com'&#10;  &#10;  - TEST_reg_442826e4@example.com&#10;  ? ^^^^&#10;  + test_reg_442826e4@example.com&#10;  ? ^^^^">tests/backend_test.py:106: in test_register_new_user_and_me
    assert r.json()["email"] == email
E   AssertionError: assert 'test_reg_442...4@example.com' == 'TEST_reg_442...4@example.com'
E     
E     - TEST_reg_442826e4@example.com
E     ? ^^^^
E     + test_reg_442826e4@example.com
E     ? ^^^^</failure></testcase><testcase classname="tests.backend_test.TestRegisteredBirds" name="test_admin_delete_bird" time="0.088" /><testcase classname="tests.backend_test.TestDiscountCodes" name="test_public_validate_seeded" time="0.230" /><testcase classname="tests.backend_test.TestDiscountCodes" name="test_public_validate_missing" time="0.095" /><testcase classname="tests.backend_test.TestAuth" name="test_google_session_invalid" time="0.257" /><testcase classname="tests.backend_test.TestDiscountCodes" name="test_admin_create_code" time="0.045" /><testcase classname="tests.backend_test.TestDiscountCodes" name="test_admin_create_code_duplicate" time="0.041" /><testcase classname="tests.backend_test.TestDiscountCodes" name="test_admin_update_code" time="0.050" /><testcase classname="tests.backend_test.TestDiscountCodes" name="test_admin_list_codes" time="0.043" /><testcase classname="tests.backend_test.TestDiscountCodes" name="test_admin_delete_code" time="0.043" /><testcase classname="tests.backend_test.TestAdminUsers" name="test_list_users" time="0.090" /><testcase classname="tests.backend_test.TestFoundBirds" name="test_public_create_found_bird" time="0.094" /><testcase classname="tests.backend_test.TestAdminUsers" name="test_list_users_search" time="0.052" /><testcase classname="tests.backend_test.TestFoundBirds" name="test_found_bird_bad_phone" time="0.137" /><testcase classname="tests.backend_test.TestAdminUsers" name="test_list_users_role_filter" time="0.049" /><testcase classname="tests.backend_test.TestAdminUsers" name="test_block_unblock_and_login_blocked" time="0.758" /><testcase classname="tests.backend_test.TestFoundBirds" name="test_admin_list_found" time="0.044" /><testcase classname="tests.backend_test.TestFoundBirds" name="test_admin_export_found_csv" time="0.044" /><testcase classname="tests.backend_test.TestFoundBirds" name="test_admin_delete_found" time="0.044" /><testcase classname="tests.backend_test.TestFeedbackCommentsActivity" name="test_admin_list_feedback" time="0.047" /><testcase classname="tests.backend_test.TestFeedbackCommentsActivity" name="test_admin_export_feedback_csv" time="0.082" /><testcase classname="tests.backend_test.TestFeedbackCommentsActivity" name="test_admin_list_comments" time="0.048" /><testcase classname="tests.backend_test.TestFeedbackCommentsActivity" name="test_admin_activity" time="0.045" /><testcase classname="tests.backend_test.TestAdminUsers" name="test_patch_user_first_name" time="0.286" /><testcase classname="tests.backend_test.TestAdminProtection" name="test_non_admin_forbidden" time="0.550" /><testcase classname="tests.backend_test.TestAdminProtection" name="test_anon_unauthorized" time="0.091" /><testcase classname="tests.backend_test.TestAdminUsers" name="test_cannot_self_delete" time="0.090" /><testcase classname="tests.backend_test.TestHealth" name="test_root" time="0.136" /><testcase classname="tests.backend_test.TestAdminStats" name="test_stats_shape" time="0.056" /></testsuite></testsuites>