<?xml version="1.0" encoding="utf-8"?><testsuites name="pytest tests"><testsuite name="pytest" errors="0" failures="0" skipped="0" tests="16" time="2.042" timestamp="2026-07-17T21:39:58.086043+00:00" hostname="agent-env-5930b17d-cd29-4117-9a48-5a5ab60a042e"><testcase classname="tests.test_ring_number_normalization.TestCreateDuplicateBlocking" name="test_exact_duplicate_blocked" time="0.280" /><testcase classname="tests.test_ring_number_normalization.TestCreateDuplicateBlocking" name="test_lowercase_duplicate_blocked" time="0.227" /><testcase classname="tests.test_ring_number_normalization.TestAdminPatchNormalization" name="test_setup_two_birds" time="0.861" /><testcase classname="tests.test_ring_number_normalization.TestCreateDuplicateBlocking" name="test_whitespace_duplicate_blocked" time="0.157" /><testcase classname="tests.test_ring_number_normalization.TestCreateDuplicateBlocking" name="test_mixed_case_whitespace_duplicate_blocked" time="0.127" /><testcase classname="tests.test_ring_number_normalization.TestAdminPatchNormalization" name="test_patch_to_other_birds_lowercase_ring_blocked" time="0.060" /><testcase classname="tests.test_ring_number_normalization.TestAdminPatchNormalization" name="test_patch_own_ring_different_case_allowed" time="0.295" /><testcase classname="tests.test_ring_number_normalization.TestCreateNormalization" name="test_create_fresh_ring_stored_normalized" time="0.530" /><testcase classname="tests.test_ring_number_normalization.TestAdminPatchNormalization" name="test_patch_with_whitespace_ring_normalized" time="0.122" /><testcase classname="tests.test_ring_number_normalization.TestCreateNormalization" name="test_lowercase_of_new_ring_blocked" time="0.108" /><testcase classname="tests.test_ring_number_normalization.TestAdminPatchNormalization" name="test_patch_to_seeded_ring_lowercase_blocked" time="0.060" /><testcase classname="tests.test_ring_number_normalization.TestAdminPatchNormalization" name="test_cleanup" time="0.155" /><testcase classname="tests.test_ring_number_normalization.TestCreateNormalization" name="test_whitespace_variant_of_new_ring_blocked" time="0.114" /><testcase classname="tests.test_ring_number_normalization.TestCreateNormalization" name="test_cleanup_created" time="0.124" /><testcase classname="tests.test_ring_number_normalization.TestStartupMigration" name="test_all_existing_ring_numbers_are_uppercased" time="0.059" /><testcase classname="tests.test_ring_number_normalization.TestStartupMigration" name="test_seeded_ring_numbers_present_uppercased" time="0.051" /></testsuite></testsuites>